# JRE version: Java(TM) SE Runtime Environment (8.0_144-b01) (build 1.8.0_144-b01)
# Java VM: Java HotSpot(TM) 64-Bit Server VM (25.144-b01 mixed mode windows-amd64 compressed oops)
Heap:
 PSYoungGen      total 79872K, used 32161K [0x00000000d5d80000, 0x00000000db400000, 0x0000000100000000)
  eden space 72192K, 36% used [0x00000000d5d80000,0x00000000d7713a08,0x00000000da400000)
  from space 7680K, 77% used [0x00000000dac80000,0x00000000db254d18,0x00000000db400000)
  to   space 8192K, 0% used [0x00000000da400000,0x00000000da400000,0x00000000dac00000)
 ParOldGen       total 60416K, used 7311K [0x0000000081800000, 0x0000000085300000, 0x00000000d5d80000)
  object space 60416K, 12% used [0x0000000081800000,0x0000000081f23c50,0x0000000085300000)
 Metaspace       used 30671K, capacity 32936K, committed 33152K, reserved 1077248K
  class space    used 3985K, capacity 4402K, committed 4480K, reserved 1048576K
GC Heap History (10 events):
Event: 6.890 GC heap before
{Heap before GC invocations=5 (full 1):
 PSYoungGen      total 38400K, used 5115K [0x00000000d5d80000, 0x00000000d8800000, 0x0000000100000000)
  eden space 33280K, 0% used [0x00000000d5d80000,0x00000000d5d80000,0x00000000d7e00000)
  from space 5120K, 99% used [0x00000000d8300000,0x00000000d87fec00,0x00000000d8800000)
  to   space 5120K, 0% used [0x00000000d7e00000,0x00000000d7e00000,0x00000000d8300000)
 ParOldGen       total 87552K, used 4688K [0x0000000081800000, 0x0000000086d80000, 0x00000000d5d80000)
  object space 87552K, 5% used [0x0000000081800000,0x0000000081c943f8,0x0000000086d80000)
 Metaspace       used 19637K, capacity 21216K, committed 21296K, reserved 1067008K
  class space    used 2555K, capacity 2876K, committed 2944K, reserved 1048576K
Event: 6.954 GC heap after
Heap after GC invocations=5 (full 1):
 PSYoungGen      total 38400K, used 0K [0x00000000d5d80000, 0x00000000d8800000, 0x0000000100000000)
  eden space 33280K, 0% used [0x00000000d5d80000,0x00000000d5d80000,0x00000000d7e00000)
  from space 5120K, 0% used [0x00000000d8300000,0x00000000d8300000,0x00000000d8800000)
  to   space 5120K, 0% used [0x00000000d7e00000,0x00000000d7e00000,0x00000000d8300000)
 ParOldGen       total 60416K, used 7287K [0x0000000081800000, 0x0000000085300000, 0x00000000d5d80000)
  object space 60416K, 12% used [0x0000000081800000,0x0000000081f1dc50,0x0000000085300000)
 Metaspace       used 19637K, capacity 21216K, committed 21296K, reserved 1067008K
  class space    used 2555K, capacity 2876K, committed 2944K, reserved 1048576K
}
Event: 7.469 GC heap before
{Heap before GC invocations=6 (full 1):
 PSYoungGen      total 38400K, used 33280K [0x00000000d5d80000, 0x00000000d8800000, 0x0000000100000000)
  eden space 33280K, 100% used [0x00000000d5d80000,0x00000000d7e00000,0x00000000d7e00000)
  from space 5120K, 0% used [0x00000000d8300000,0x00000000d8300000,0x00000000d8800000)
  to   space 5120K, 0% used [0x00000000d7e00000,0x00000000d7e00000,0x00000000d8300000)
 ParOldGen       total 60416K, used 7287K [0x0000000081800000, 0x0000000085300000, 0x00000000d5d80000)
  object space 60416K, 12% used [0x0000000081800000,0x0000000081f1dc50,0x0000000085300000)
 Metaspace       used 22920K, capacity 24600K, committed 24832K, reserved 1071104K
  class space    used 3006K, capacity 3328K, committed 3328K, reserved 1048576K
Event: 7.474 GC heap after
Heap after GC invocations=6 (full 1):
 PSYoungGen      total 38400K, used 4212K [0x00000000d5d80000, 0x00000000d9f80000, 0x0000000100000000)
  eden space 33280K, 0% used [0x00000000d5d80000,0x00000000d5d80000,0x00000000d7e00000)
  from space 5120K, 82% used [0x00000000d7e00000,0x00000000d821d3b0,0x00000000d8300000)
  to   space 8704K, 0% used [0x00000000d9700000,0x00000000d9700000,0x00000000d9f80000)
 ParOldGen       total 60416K, used 7287K [0x0000000081800000, 0x0000000085300000, 0x00000000d5d80000)
  object space 60416K, 12% used [0x0000000081800000,0x0000000081f1dc50,0x0000000085300000)
 Metaspace       used 22920K, capacity 24600K, committed 24832K, reserved 1071104K
  class space    used 3006K, capacity 3328K, committed 3328K, reserved 1048576K
}
Event: 8.274 GC heap before
{Heap before GC invocations=7 (full 1):
 PSYoungGen      total 38400K, used 37492K [0x00000000d5d80000, 0x00000000d9f80000, 0x0000000100000000)
  eden space 33280K, 100% used [0x00000000d5d80000,0x00000000d7e00000,0x00000000d7e00000)
  from space 5120K, 82% used [0x00000000d7e00000,0x00000000d821d3b0,0x00000000d8300000)
  to   space 8704K, 0% used [0x00000000d9700000,0x00000000d9700000,0x00000000d9f80000)
 ParOldGen       total 60416K, used 7287K [0x0000000081800000, 0x0000000085300000, 0x00000000d5d80000)
  object space 60416K, 12% used [0x0000000081800000,0x0000000081f1dc50,0x0000000085300000)
 Metaspace       used 24468K, capacity 26246K, committed 26368K, reserved 1073152K
  class space    used 3197K, capacity 3555K, committed 3584K, reserved 1048576K
Event: 8.280 GC heap after
Heap after GC invocations=7 (full 1):
 PSYoungGen      total 57856K, used 3851K [0x00000000d5d80000, 0x00000000d9f00000, 0x0000000100000000)
  eden space 49664K, 0% used [0x00000000d5d80000,0x00000000d5d80000,0x00000000d8e00000)
  from space 8192K, 47% used [0x00000000d9700000,0x00000000d9ac2d18,0x00000000d9f00000)
  to   space 8704K, 0% used [0x00000000d8e00000,0x00000000d8e00000,0x00000000d9680000)
 ParOldGen       total 60416K, used 7295K [0x0000000081800000, 0x0000000085300000, 0x00000000d5d80000)
  object space 60416K, 12% used [0x0000000081800000,0x0000000081f1fc50,0x0000000085300000)
 Metaspace       used 24468K, capacity 26246K, committed 26368K, reserved 1073152K
  class space    used 3197K, capacity 3555K, committed 3584K, reserved 1048576K
}
Event: 10.025 GC heap before
{Heap before GC invocations=8 (full 1):
 PSYoungGen      total 57856K, used 53515K [0x00000000d5d80000, 0x00000000d9f00000, 0x0000000100000000)
  eden space 49664K, 100% used [0x00000000d5d80000,0x00000000d8e00000,0x00000000d8e00000)
  from space 8192K, 47% used [0x00000000d9700000,0x00000000d9ac2d18,0x00000000d9f00000)
  to   space 8704K, 0% used [0x00000000d8e00000,0x00000000d8e00000,0x00000000d9680000)
 ParOldGen       total 60416K, used 7295K [0x0000000081800000, 0x0000000085300000, 0x00000000d5d80000)
  object space 60416K, 12% used [0x0000000081800000,0x0000000081f1fc50,0x0000000085300000)
 Metaspace       used 27028K, capacity 28900K, committed 29056K, reserved 1075200K
  class space    used 3538K, capacity 3876K, committed 3968K, reserved 1048576K
Event: 10.034 GC heap after
Heap after GC invocations=8 (full 1):
 PSYoungGen      total 58368K, used 5582K [0x00000000d5d80000, 0x00000000db480000, 0x0000000100000000)
  eden space 49664K, 0% used [0x00000000d5d80000,0x00000000d5d80000,0x00000000d8e00000)
  from space 8704K, 64% used [0x00000000d8e00000,0x00000000d9373850,0x00000000d9680000)
  to   space 8192K, 0% used [0x00000000dac80000,0x00000000dac80000,0x00000000db480000)
 ParOldGen       total 60416K, used 7303K [0x0000000081800000, 0x0000000085300000, 0x00000000d5d80000)
  object space 60416K, 12% used [0x0000000081800000,0x0000000081f21c50,0x0000000085300000)
 Metaspace       used 27028K, capacity 28900K, committed 29056K, reserved 1075200K
  class space    used 3538K, capacity 3876K, committed 3968K, reserved 1048576K
}
Event: 11.627 GC heap before
{Heap before GC invocations=9 (full 1):
 PSYoungGen      total 58368K, used 55246K [0x00000000d5d80000, 0x00000000db480000, 0x0000000100000000)
  eden space 49664K, 100% used [0x00000000d5d80000,0x00000000d8e00000,0x00000000d8e00000)
  from space 8704K, 64% used [0x00000000d8e00000,0x00000000d9373850,0x00000000d9680000)
  to   space 8192K, 0% used [0x00000000dac80000,0x00000000dac80000,0x00000000db480000)
 ParOldGen       total 60416K, used 7303K [0x0000000081800000, 0x0000000085300000, 0x00000000d5d80000)
  object space 60416K, 12% used [0x0000000081800000,0x0000000081f21c50,0x0000000085300000)
 Metaspace       used 29118K, capacity 31172K, committed 31360K, reserved 1077248K
  class space    used 3789K, capacity 4168K, committed 4224K, reserved 1048576K
Event: 11.637 GC heap after
Heap after GC invocations=9 (full 1):
 PSYoungGen      total 79872K, used 5971K [0x00000000d5d80000, 0x00000000db400000, 0x0000000100000000)
  eden space 72192K, 0% used [0x00000000d5d80000,0x00000000d5d80000,0x00000000da400000)
  from space 7680K, 77% used [0x00000000dac80000,0x00000000db254d18,0x00000000db400000)
  to   space 8192K, 0% used [0x00000000da400000,0x00000000da400000,0x00000000dac00000)
 ParOldGen       total 60416K, used 7311K [0x0000000081800000, 0x0000000085300000, 0x00000000d5d80000)
  object space 60416K, 12% used [0x0000000081800000,0x0000000081f23c50,0x0000000085300000)
 Metaspace       used 29118K, capacity 31172K, committed 31360K, reserved 1077248K
  class space    used 3789K, capacity 4168K, committed 4224K, reserved 1048576K
}

